<?xml version="1.0" encoding="UTF-8"?>
<testsuite xmlns:xsi="http://www.w3.org/2001/XMLSchema-instance" xsi:noNamespaceSchemaLocation="https://maven.apache.org/surefire/maven-surefire-plugin/xsd/surefire-test-report.xsd" name="TestSuite" time="34.729" tests="1" errors="0" skipped="0" failures="1">
  <properties>
    <property name="gopherProxySet" value="false"/>
    <property name="awt.toolkit" value="sun.lwawt.macosx.LWCToolkit"/>
    <property name="file.encoding.pkg" value="sun.io"/>
    <property name="java.specification.version" value="1.8"/>
    <property name="sun.cpu.isalist" value=""/>
    <property name="sun.jnu.encoding" value="UTF-8"/>
    <property name="java.class.path" value="/Users/Olasunkanmi/Documents/workspace/CompleteSeleniumBootcamp/CucumberParametization/target/test-classes:/Users/Olasunkanmi/Documents/workspace/CompleteSeleniumBootcamp/CucumberParametization/target/classes:/Users/Olasunkanmi/.m2/repository/org/seleniumhq/selenium/selenium-java/3.11.0/selenium-java-3.11.0.jar:/Users/Olasunkanmi/.m2/repository/org/seleniumhq/selenium/selenium-api/3.11.0/selenium-api-3.11.0.jar:/Users/Olasunkanmi/.m2/repository/org/seleniumhq/selenium/selenium-chrome-driver/3.11.0/selenium-chrome-driver-3.11.0.jar:/Users/Olasunkanmi/.m2/repository/org/seleniumhq/selenium/selenium-edge-driver/3.11.0/selenium-edge-driver-3.11.0.jar:/Users/Olasunkanmi/.m2/repository/org/seleniumhq/selenium/selenium-firefox-driver/3.11.0/selenium-firefox-driver-3.11.0.jar:/Users/Olasunkanmi/.m2/repository/org/seleniumhq/selenium/selenium-ie-driver/3.11.0/selenium-ie-driver-3.11.0.jar:/Users/Olasunkanmi/.m2/repository/org/seleniumhq/selenium/selenium-opera-driver/3.11.0/selenium-opera-driver-3.11.0.jar:/Users/Olasunkanmi/.m2/repository/org/seleniumhq/selenium/selenium-remote-driver/3.11.0/selenium-remote-driver-3.11.0.jar:/Users/Olasunkanmi/.m2/repository/org/seleniumhq/selenium/selenium-safari-driver/3.11.0/selenium-safari-driver-3.11.0.jar:/Users/Olasunkanmi/.m2/repository/org/seleniumhq/selenium/selenium-support/3.11.0/selenium-support-3.11.0.jar:/Users/Olasunkanmi/.m2/repository/net/bytebuddy/byte-buddy/1.7.9/byte-buddy-1.7.9.jar:/Users/Olasunkanmi/.m2/repository/org/apache/commons/commons-exec/1.3/commons-exec-1.3.jar:/Users/Olasunkanmi/.m2/repository/commons-codec/commons-codec/1.10/commons-codec-1.10.jar:/Users/Olasunkanmi/.m2/repository/commons-logging/commons-logging/1.2/commons-logging-1.2.jar:/Users/Olasunkanmi/.m2/repository/com/google/code/gson/gson/2.8.2/gson-2.8.2.jar:/Users/Olasunkanmi/.m2/repository/com/google/guava/guava/23.6-jre/guava-23.6-jre.jar:/Users/Olasunkanmi/.m2/repository/com/google/code/findbugs/jsr305/1.3.9/jsr305-1.3.9.jar:/Users/Olasunkanmi/.m2/repository/org/checkerframework/checker-compat-qual/2.0.0/checker-compat-qual-2.0.0.jar:/Users/Olasunkanmi/.m2/repository/com/google/errorprone/error_prone_annotations/2.1.3/error_prone_annotations-2.1.3.jar:/Users/Olasunkanmi/.m2/repository/com/google/j2objc/j2objc-annotations/1.1/j2objc-annotations-1.1.jar:/Users/Olasunkanmi/.m2/repository/org/codehaus/mojo/animal-sniffer-annotations/1.14/animal-sniffer-annotations-1.14.jar:/Users/Olasunkanmi/.m2/repository/org/apache/httpcomponents/httpclient/4.5.3/httpclient-4.5.3.jar:/Users/Olasunkanmi/.m2/repository/org/apache/httpcomponents/httpcore/4.4.6/httpcore-4.4.6.jar:/Users/Olasunkanmi/.m2/repository/com/squareup/okhttp3/okhttp/3.9.1/okhttp-3.9.1.jar:/Users/Olasunkanmi/.m2/repository/com/squareup/okio/okio/1.13.0/okio-1.13.0.jar:/Users/Olasunkanmi/.m2/repository/org/seleniumhq/selenium/selenium-server/3.11.0/selenium-server-3.11.0.jar:/Users/Olasunkanmi/.m2/repository/com/beust/jcommander/1.72/jcommander-1.72.jar:/Users/Olasunkanmi/.m2/repository/org/apache/commons/commons-lang3/3.7/commons-lang3-3.7.jar:/Users/Olasunkanmi/.m2/repository/org/apache/commons/commons-text/1.1/commons-text-1.1.jar:/Users/Olasunkanmi/.m2/repository/commons-io/commons-io/2.6/commons-io-2.6.jar:/Users/Olasunkanmi/.m2/repository/commons-net/commons-net/3.6/commons-net-3.6.jar:/Users/Olasunkanmi/.m2/repository/org/w3c/css/sac/1.3/sac-1.3.jar:/Users/Olasunkanmi/.m2/repository/net/sourceforge/cssparser/cssparser/0.9.24/cssparser-0.9.24.jar:/Users/Olasunkanmi/.m2/repository/net/sourceforge/htmlunit/htmlunit/2.29/htmlunit-2.29.jar:/Users/Olasunkanmi/.m2/repository/net/sourceforge/htmlunit/htmlunit-core-js/2.28/htmlunit-core-js-2.28.jar:/Users/Olasunkanmi/.m2/repository/net/sourceforge/htmlunit/neko-htmlunit/2.28/neko-htmlunit-2.28.jar:/Users/Olasunkanmi/.m2/repository/org/apache/httpcomponents/httpmime/4.5.3/httpmime-4.5.3.jar:/Users/Olasunkanmi/.m2/repository/net/jcip/jcip-annotations/1.0/jcip-annotations-1.0.jar:/Users/Olasunkanmi/.m2/repository/org/seleniumhq/selenium/jetty-repacked/9.4.7.v20171121/jetty-repacked-9.4.7.v20171121.jar:/Users/Olasunkanmi/.m2/repository/org/eclipse/jetty/jetty-client/9.4.7.v20170914/jetty-client-9.4.7.v20170914.jar:/Users/Olasunkanmi/.m2/repository/org/eclipse/jetty/jetty-http/9.4.8.v20171121/jetty-http-9.4.8.v20171121.jar:/Users/Olasunkanmi/.m2/repository/org/eclipse/jetty/jetty-io/9.4.8.v20171121/jetty-io-9.4.8.v20171121.jar:/Users/Olasunkanmi/.m2/repository/org/eclipse/jetty/jetty-util/9.4.8.v20171121/jetty-util-9.4.8.v20171121.jar:/Users/Olasunkanmi/.m2/repository/org/eclipse/jetty/jetty-xml/9.4.7.v20170914/jetty-xml-9.4.7.v20170914.jar:/Users/Olasunkanmi/.m2/repository/org/seleniumhq/selenium/htmlunit-driver/2.29.0/htmlunit-driver-2.29.0.jar:/Users/Olasunkanmi/.m2/repository/javax/servlet/javax.servlet-api/3.1.0/javax.servlet-api-3.1.0.jar:/Users/Olasunkanmi/.m2/repository/org/eclipse/jetty/websocket/websocket-api/9.4.7.v20170914/websocket-api-9.4.7.v20170914.jar:/Users/Olasunkanmi/.m2/repository/org/eclipse/jetty/websocket/websocket-client/9.4.7.v20170914/websocket-client-9.4.7.v20170914.jar:/Users/Olasunkanmi/.m2/repository/org/eclipse/jetty/websocket/websocket-common/9.4.7.v20170914/websocket-common-9.4.7.v20170914.jar:/Users/Olasunkanmi/.m2/repository/xalan/serializer/2.7.2/serializer-2.7.2.jar:/Users/Olasunkanmi/.m2/repository/xalan/xalan/2.7.2/xalan-2.7.2.jar:/Users/Olasunkanmi/.m2/repository/xerces/xercesImpl/2.11.0/xercesImpl-2.11.0.jar:/Users/Olasunkanmi/.m2/repository/xml-apis/xml-apis/1.4.01/xml-apis-1.4.01.jar:/Users/Olasunkanmi/.m2/repository/org/yaml/snakeyaml/1.19/snakeyaml-1.19.jar:/Users/Olasunkanmi/.m2/repository/org/testng/testng/6.14.2/testng-6.14.2.jar:/Users/Olasunkanmi/.m2/repository/org/apache-extras/beanshell/bsh/2.0b6/bsh-2.0b6.jar:/Users/Olasunkanmi/.m2/repository/info/cukes/cucumber-java/1.2.5/cucumber-java-1.2.5.jar:/Users/Olasunkanmi/.m2/repository/info/cukes/cucumber-core/1.2.5/cucumber-core-1.2.5.jar:/Users/Olasunkanmi/.m2/repository/info/cukes/cucumber-html/0.2.3/cucumber-html-0.2.3.jar:/Users/Olasunkanmi/.m2/repository/info/cukes/gherkin/2.12.2/gherkin-2.12.2.jar:/Users/Olasunkanmi/.m2/repository/info/cukes/cucumber-jvm-deps/1.0.5/cucumber-jvm-deps-1.0.5.jar:/Users/Olasunkanmi/.m2/repository/info/cukes/cucumber-testng/1.2.5/cucumber-testng-1.2.5.jar:/Users/Olasunkanmi/.m2/repository/org/apache/maven/surefire/surefire-testng-utils/2.21.0/surefire-testng-utils-2.21.0.jar:/Users/Olasunkanmi/.m2/repository/org/apache/maven/surefire/surefire-grouper/2.21.0/surefire-grouper-2.21.0.jar:"/>
    <property name="java.vm.vendor" value="Oracle Corporation"/>
    <property name="sun.arch.data.model" value="64"/>
    <property name="java.vendor.url" value="http://java.oracle.com/"/>
    <property name="user.timezone" value=""/>
    <property name="user.country.format" value="US_POSIX"/>
    <property name="java.vm.specification.version" value="1.8"/>
    <property name="os.name" value="Mac OS X"/>
    <property name="user.country" value="US"/>
    <property name="sun.java.launcher" value="SUN_STANDARD"/>
    <property name="sun.boot.library.path" value="/Library/Java/JavaVirtualMachines/jdk1.8.0_121.jdk/Contents/Home/jre/lib"/>
    <property name="sun.java.command" value="/Users/Olasunkanmi/Documents/workspace/CompleteSeleniumBootcamp/CucumberParametization/target/surefire/surefirebooter1043714389877569724.jar /Users/Olasunkanmi/Documents/workspace/CompleteSeleniumBootcamp/CucumberParametization/target/surefire 2018-08-16T23-04-57_619-jvmRun1 surefire4145226931993600471tmp surefire_0932835427705392795tmp"/>
    <property name="http.nonProxyHosts" value="local|*.local|169.254/16|*.169.254/16"/>
    <property name="surefire.test.class.path" value="/Users/Olasunkanmi/Documents/workspace/CompleteSeleniumBootcamp/CucumberParametization/target/test-classes:/Users/Olasunkanmi/Documents/workspace/CompleteSeleniumBootcamp/CucumberParametization/target/classes:/Users/Olasunkanmi/.m2/repository/org/seleniumhq/selenium/selenium-java/3.11.0/selenium-java-3.11.0.jar:/Users/Olasunkanmi/.m2/repository/org/seleniumhq/selenium/selenium-api/3.11.0/selenium-api-3.11.0.jar:/Users/Olasunkanmi/.m2/repository/org/seleniumhq/selenium/selenium-chrome-driver/3.11.0/selenium-chrome-driver-3.11.0.jar:/Users/Olasunkanmi/.m2/repository/org/seleniumhq/selenium/selenium-edge-driver/3.11.0/selenium-edge-driver-3.11.0.jar:/Users/Olasunkanmi/.m2/repository/org/seleniumhq/selenium/selenium-firefox-driver/3.11.0/selenium-firefox-driver-3.11.0.jar:/Users/Olasunkanmi/.m2/repository/org/seleniumhq/selenium/selenium-ie-driver/3.11.0/selenium-ie-driver-3.11.0.jar:/Users/Olasunkanmi/.m2/repository/org/seleniumhq/selenium/selenium-opera-driver/3.11.0/selenium-opera-driver-3.11.0.jar:/Users/Olasunkanmi/.m2/repository/org/seleniumhq/selenium/selenium-remote-driver/3.11.0/selenium-remote-driver-3.11.0.jar:/Users/Olasunkanmi/.m2/repository/org/seleniumhq/selenium/selenium-safari-driver/3.11.0/selenium-safari-driver-3.11.0.jar:/Users/Olasunkanmi/.m2/repository/org/seleniumhq/selenium/selenium-support/3.11.0/selenium-support-3.11.0.jar:/Users/Olasunkanmi/.m2/repository/net/bytebuddy/byte-buddy/1.7.9/byte-buddy-1.7.9.jar:/Users/Olasunkanmi/.m2/repository/org/apache/commons/commons-exec/1.3/commons-exec-1.3.jar:/Users/Olasunkanmi/.m2/repository/commons-codec/commons-codec/1.10/commons-codec-1.10.jar:/Users/Olasunkanmi/.m2/repository/commons-logging/commons-logging/1.2/commons-logging-1.2.jar:/Users/Olasunkanmi/.m2/repository/com/google/code/gson/gson/2.8.2/gson-2.8.2.jar:/Users/Olasunkanmi/.m2/repository/com/google/guava/guava/23.6-jre/guava-23.6-jre.jar:/Users/Olasunkanmi/.m2/repository/com/google/code/findbugs/jsr305/1.3.9/jsr305-1.3.9.jar:/Users/Olasunkanmi/.m2/repository/org/checkerframework/checker-compat-qual/2.0.0/checker-compat-qual-2.0.0.jar:/Users/Olasunkanmi/.m2/repository/com/google/errorprone/error_prone_annotations/2.1.3/error_prone_annotations-2.1.3.jar:/Users/Olasunkanmi/.m2/repository/com/google/j2objc/j2objc-annotations/1.1/j2objc-annotations-1.1.jar:/Users/Olasunkanmi/.m2/repository/org/codehaus/mojo/animal-sniffer-annotations/1.14/animal-sniffer-annotations-1.14.jar:/Users/Olasunkanmi/.m2/repository/org/apache/httpcomponents/httpclient/4.5.3/httpclient-4.5.3.jar:/Users/Olasunkanmi/.m2/repository/org/apache/httpcomponents/httpcore/4.4.6/httpcore-4.4.6.jar:/Users/Olasunkanmi/.m2/repository/com/squareup/okhttp3/okhttp/3.9.1/okhttp-3.9.1.jar:/Users/Olasunkanmi/.m2/repository/com/squareup/okio/okio/1.13.0/okio-1.13.0.jar:/Users/Olasunkanmi/.m2/repository/org/seleniumhq/selenium/selenium-server/3.11.0/selenium-server-3.11.0.jar:/Users/Olasunkanmi/.m2/repository/com/beust/jcommander/1.72/jcommander-1.72.jar:/Users/Olasunkanmi/.m2/repository/org/apache/commons/commons-lang3/3.7/commons-lang3-3.7.jar:/Users/Olasunkanmi/.m2/repository/org/apache/commons/commons-text/1.1/commons-text-1.1.jar:/Users/Olasunkanmi/.m2/repository/commons-io/commons-io/2.6/commons-io-2.6.jar:/Users/Olasunkanmi/.m2/repository/commons-net/commons-net/3.6/commons-net-3.6.jar:/Users/Olasunkanmi/.m2/repository/org/w3c/css/sac/1.3/sac-1.3.jar:/Users/Olasunkanmi/.m2/repository/net/sourceforge/cssparser/cssparser/0.9.24/cssparser-0.9.24.jar:/Users/Olasunkanmi/.m2/repository/net/sourceforge/htmlunit/htmlunit/2.29/htmlunit-2.29.jar:/Users/Olasunkanmi/.m2/repository/net/sourceforge/htmlunit/htmlunit-core-js/2.28/htmlunit-core-js-2.28.jar:/Users/Olasunkanmi/.m2/repository/net/sourceforge/htmlunit/neko-htmlunit/2.28/neko-htmlunit-2.28.jar:/Users/Olasunkanmi/.m2/repository/org/apache/httpcomponents/httpmime/4.5.3/httpmime-4.5.3.jar:/Users/Olasunkanmi/.m2/repository/net/jcip/jcip-annotations/1.0/jcip-annotations-1.0.jar:/Users/Olasunkanmi/.m2/repository/org/seleniumhq/selenium/jetty-repacked/9.4.7.v20171121/jetty-repacked-9.4.7.v20171121.jar:/Users/Olasunkanmi/.m2/repository/org/eclipse/jetty/jetty-client/9.4.7.v20170914/jetty-client-9.4.7.v20170914.jar:/Users/Olasunkanmi/.m2/repository/org/eclipse/jetty/jetty-http/9.4.8.v20171121/jetty-http-9.4.8.v20171121.jar:/Users/Olasunkanmi/.m2/repository/org/eclipse/jetty/jetty-io/9.4.8.v20171121/jetty-io-9.4.8.v20171121.jar:/Users/Olasunkanmi/.m2/repository/org/eclipse/jetty/jetty-util/9.4.8.v20171121/jetty-util-9.4.8.v20171121.jar:/Users/Olasunkanmi/.m2/repository/org/eclipse/jetty/jetty-xml/9.4.7.v20170914/jetty-xml-9.4.7.v20170914.jar:/Users/Olasunkanmi/.m2/repository/org/seleniumhq/selenium/htmlunit-driver/2.29.0/htmlunit-driver-2.29.0.jar:/Users/Olasunkanmi/.m2/repository/javax/servlet/javax.servlet-api/3.1.0/javax.servlet-api-3.1.0.jar:/Users/Olasunkanmi/.m2/repository/org/eclipse/jetty/websocket/websocket-api/9.4.7.v20170914/websocket-api-9.4.7.v20170914.jar:/Users/Olasunkanmi/.m2/repository/org/eclipse/jetty/websocket/websocket-client/9.4.7.v20170914/websocket-client-9.4.7.v20170914.jar:/Users/Olasunkanmi/.m2/repository/org/eclipse/jetty/websocket/websocket-common/9.4.7.v20170914/websocket-common-9.4.7.v20170914.jar:/Users/Olasunkanmi/.m2/repository/xalan/serializer/2.7.2/serializer-2.7.2.jar:/Users/Olasunkanmi/.m2/repository/xalan/xalan/2.7.2/xalan-2.7.2.jar:/Users/Olasunkanmi/.m2/repository/xerces/xercesImpl/2.11.0/xercesImpl-2.11.0.jar:/Users/Olasunkanmi/.m2/repository/xml-apis/xml-apis/1.4.01/xml-apis-1.4.01.jar:/Users/Olasunkanmi/.m2/repository/org/yaml/snakeyaml/1.19/snakeyaml-1.19.jar:/Users/Olasunkanmi/.m2/repository/org/testng/testng/6.14.2/testng-6.14.2.jar:/Users/Olasunkanmi/.m2/repository/org/apache-extras/beanshell/bsh/2.0b6/bsh-2.0b6.jar:/Users/Olasunkanmi/.m2/repository/info/cukes/cucumber-java/1.2.5/cucumber-java-1.2.5.jar:/Users/Olasunkanmi/.m2/repository/info/cukes/cucumber-core/1.2.5/cucumber-core-1.2.5.jar:/Users/Olasunkanmi/.m2/repository/info/cukes/cucumber-html/0.2.3/cucumber-html-0.2.3.jar:/Users/Olasunkanmi/.m2/repository/info/cukes/gherkin/2.12.2/gherkin-2.12.2.jar:/Users/Olasunkanmi/.m2/repository/info/cukes/cucumber-jvm-deps/1.0.5/cucumber-jvm-deps-1.0.5.jar:/Users/Olasunkanmi/.m2/repository/info/cukes/cucumber-testng/1.2.5/cucumber-testng-1.2.5.jar:/Users/Olasunkanmi/.m2/repository/org/apache/maven/surefire/surefire-testng-utils/2.21.0/surefire-testng-utils-2.21.0.jar:/Users/Olasunkanmi/.m2/repository/org/apache/maven/surefire/surefire-grouper/2.21.0/surefire-grouper-2.21.0.jar:"/>
    <property name="sun.cpu.endian" value="little"/>
    <property name="user.home" value="/Users/Olasunkanmi"/>
    <property name="user.language" value="en"/>
    <property name="java.specification.vendor" value="Oracle Corporation"/>
    <property name="java.home" value="/Library/Java/JavaVirtualMachines/jdk1.8.0_121.jdk/Contents/Home/jre"/>
    <property name="basedir" value="/Users/Olasunkanmi/Documents/workspace/CompleteSeleniumBootcamp/CucumberParametization"/>
    <property name="file.separator" value="/"/>
    <property name="line.separator" value="&#10;"/>
    <property name="java.vm.specification.vendor" value="Oracle Corporation"/>
    <property name="java.specification.name" value="Java Platform API Specification"/>
    <property name="java.awt.graphicsenv" value="sun.awt.CGraphicsEnvironment"/>
    <property name="surefire.real.class.path" value="/Users/Olasunkanmi/Documents/workspace/CompleteSeleniumBootcamp/CucumberParametization/target/surefire/surefirebooter1043714389877569724.jar"/>
    <property name="sun.boot.class.path" value="/Library/Java/JavaVirtualMachines/jdk1.8.0_121.jdk/Contents/Home/jre/lib/resources.jar:/Library/Java/JavaVirtualMachines/jdk1.8.0_121.jdk/Contents/Home/jre/lib/rt.jar:/Library/Java/JavaVirtualMachines/jdk1.8.0_121.jdk/Contents/Home/jre/lib/sunrsasign.jar:/Library/Java/JavaVirtualMachines/jdk1.8.0_121.jdk/Contents/Home/jre/lib/jsse.jar:/Library/Java/JavaVirtualMachines/jdk1.8.0_121.jdk/Contents/Home/jre/lib/jce.jar:/Library/Java/JavaVirtualMachines/jdk1.8.0_121.jdk/Contents/Home/jre/lib/charsets.jar:/Library/Java/JavaVirtualMachines/jdk1.8.0_121.jdk/Contents/Home/jre/lib/jfr.jar:/Library/Java/JavaVirtualMachines/jdk1.8.0_121.jdk/Contents/Home/jre/classes"/>
    <property name="sun.management.compiler" value="HotSpot 64-Bit Tiered Compilers"/>
    <property name="ftp.nonProxyHosts" value="local|*.local|169.254/16|*.169.254/16"/>
    <property name="java.runtime.version" value="1.8.0_121-b13"/>
    <property name="user.name" value="Olasunkanmi"/>
    <property name="path.separator" value=":"/>
    <property name="os.version" value="10.11.6"/>
    <property name="java.endorsed.dirs" value="/Library/Java/JavaVirtualMachines/jdk1.8.0_121.jdk/Contents/Home/jre/lib/endorsed"/>
    <property name="java.runtime.name" value="Java(TM) SE Runtime Environment"/>
    <property name="file.encoding" value="UTF-8"/>
    <property name="java.vm.name" value="Java HotSpot(TM) 64-Bit Server VM"/>
    <property name="localRepository" value="/Users/Olasunkanmi/.m2/repository"/>
    <property name="java.vendor.url.bug" value="http://bugreport.sun.com/bugreport/"/>
    <property name="java.io.tmpdir" value="/var/folders/xm/wk8cgmhj2n10pmzsd_3_l0d00000gn/T/"/>
    <property name="java.version" value="1.8.0_121"/>
    <property name="user.dir" value="/Users/Olasunkanmi/Documents/workspace/CompleteSeleniumBootcamp/CucumberParametization"/>
    <property name="os.arch" value="x86_64"/>
    <property name="java.vm.specification.name" value="Java Virtual Machine Specification"/>
    <property name="java.awt.printerjob" value="sun.lwawt.macosx.CPrinterJob"/>
    <property name="sun.os.patch.level" value="unknown"/>
    <property name="java.library.path" value="/Users/Olasunkanmi/Library/Java/Extensions:/Library/Java/Extensions:/Network/Library/Java/Extensions:/System/Library/Java/Extensions:/usr/lib/java:."/>
    <property name="java.vm.info" value="mixed mode"/>
    <property name="java.vendor" value="Oracle Corporation"/>
    <property name="java.vm.version" value="25.121-b13"/>
    <property name="java.ext.dirs" value="/Users/Olasunkanmi/Library/Java/Extensions:/Library/Java/JavaVirtualMachines/jdk1.8.0_121.jdk/Contents/Home/jre/lib/ext:/Library/Java/Extensions:/Network/Library/Java/Extensions:/System/Library/Java/Extensions:/usr/lib/java"/>
    <property name="sun.io.unicode.encoding" value="UnicodeBig"/>
    <property name="java.class.version" value="52.0"/>
    <property name="socksNonProxyHosts" value="local|*.local|169.254/16|*.169.254/16"/>
  </properties>
  <testcase name="feature" classname="TestRunner" time="33.803">
    <failure message="java.lang.AssertionError: Test Failed" type="cucumber.runtime.CucumberException">cucumber.runtime.CucumberException: java.lang.AssertionError: Test Failed
	at TestRunner.feature(TestRunner.java:33)
Caused by: java.lang.AssertionError: Test Failed
</failure>
    <system-out><![CDATA[Feature: Login into the FreeCRM website

  Scenario Outline: Verifying the user can login to the freeCRM website &amp#27;[90m# Login.feature:3&amp#27;[0m
    &amp#27;[36mGiven &amp#27;[0m&amp#27;[36mI open the website in a browser&amp#27;[0m
    &amp#27;[36mWhen &amp#27;[0m&amp#27;[36mI login with credentials "<username>" and "<password>"&amp#27;[0m
    &amp#27;[36mThen &amp#27;[0m&amp#27;[36mFlight finder page is displayed&amp#27;[0m

    Examples: 
Test Passed

  Scenario Outline: Verifying the user can login to the freeCRM website &amp#27;[90m# Login.feature:12&amp#27;[0m
    &amp#27;[32mGiven &amp#27;[0m&amp#27;[32mI open the website in a browser&amp#27;[0m                               &amp#27;[90m# Login_steps.i_open_the_website_in_a_browser()&amp#27;[0m
    &amp#27;[32mWhen &amp#27;[0m&amp#27;[32mI login with credentials "&amp#27;[0m&amp#27;[32m&amp#27;[1munivas01&amp#27;[0m&amp#27;[32m" and "&amp#27;[0m&amp#27;[32m&amp#27;[1mComputer1!&amp#27;[0m&amp#27;[32m"&amp#27;[0m           &amp#27;[90m# Login_steps.i_login_with_credentials_and(String,String)&amp#27;[0m
    &amp#27;[32mThen &amp#27;[0m&amp#27;[32mFlight finder page is displayed&amp#27;[0m                                &amp#27;[90m# Login_steps.flight_finder_page_is_displayed()&amp#27;[0m
Test Passed

  Scenario Outline: Verifying the user can login to the freeCRM website &amp#27;[90m# Login.feature:13&amp#27;[0m
    &amp#27;[32mGiven &amp#27;[0m&amp#27;[32mI open the website in a browser&amp#27;[0m                               &amp#27;[90m# Login_steps.i_open_the_website_in_a_browser()&amp#27;[0m
    &amp#27;[32mWhen &amp#27;[0m&amp#27;[32mI login with credentials "&amp#27;[0m&amp#27;[32m&amp#27;[1molacontact&amp#27;[0m&amp#27;[32m" and "&amp#27;[0m&amp#27;[32m&amp#27;[1mComputer1!!&amp#27;[0m&amp#27;[32m"&amp#27;[0m        &amp#27;[90m# Login_steps.i_login_with_credentials_and(String,String)&amp#27;[0m
    &amp#27;[32mThen &amp#27;[0m&amp#27;[32mFlight finder page is displayed&amp#27;[0m                                &amp#27;[90m# Login_steps.flight_finder_page_is_displayed()&amp#27;[0m

  Scenario Outline: Verifying the user can login to the freeCRM website &amp#27;[90m# Login.feature:14&amp#27;[0m
    &amp#27;[32mGiven &amp#27;[0m&amp#27;[32mI open the website in a browser&amp#27;[0m                               &amp#27;[90m# Login_steps.i_open_the_website_in_a_browser()&amp#27;[0m
    &amp#27;[32mWhen &amp#27;[0m&amp#27;[32mI login with credentials "&amp#27;[0m&amp#27;[32m&amp#27;[1mredakosimi&amp#27;[0m&amp#27;[32m" and "&amp#27;[0m&amp#27;[32m&amp#27;[1mComputer1!!&amp#27;[0m&amp#27;[32m"&amp#27;[0m        &amp#27;[90m# Login_steps.i_login_with_credentials_and(String,String)&amp#27;[0m
    &amp#27;[31mThen &amp#27;[0m&amp#27;[31mFlight finder page is displayed&amp#27;[0m                                &amp#27;[90m# Login_steps.flight_finder_page_is_displayed()&amp#27;[0m
      &amp#27;[31mjava.lang.AssertionError: Test Failed
      	at org.testng.Assert.fail(Assert.java:96)
      	at stepdefs.Login_steps.flight_finder_page_is_displayed(Login_steps.java:49)
      	at ✽.Then Flight finder page is displayed(Login.feature:7)
      &amp#27;[0m
]]></system-out>
    <system-err><![CDATA[Starting ChromeDriver 2.38.552518 (183d19265345f54ce39cbb94cf81ba5f15905011) on port 31445
Only local connections are allowed.
Aug 16, 2018 11:05:01 PM org.openqa.selenium.remote.ProtocolHandshake createSession
INFO: Detected dialect: OSS
Starting ChromeDriver 2.38.552518 (183d19265345f54ce39cbb94cf81ba5f15905011) on port 39081
Only local connections are allowed.
Aug 16, 2018 11:05:13 PM org.openqa.selenium.remote.ProtocolHandshake createSession
INFO: Detected dialect: OSS
Starting ChromeDriver 2.38.552518 (183d19265345f54ce39cbb94cf81ba5f15905011) on port 46469
Only local connections are allowed.
Aug 16, 2018 11:05:25 PM org.openqa.selenium.remote.ProtocolHandshake createSession
INFO: Detected dialect: OSS
]]></system-err>
  </testcase>
</testsuite>