<?xml version="1.0" encoding="UTF-8"?>
<!-- Generated by org.testng.reporters.JUnitReportReporter -->
<testsuite skipped="0" hostname="Olasunkanmis-MacBook-Pro.local" name="TestRunner" tests="1" failures="0" timestamp="17 Aug 2018 15:27:41 GMT" time="29.149" errors="0">
  <testcase name="feature" time="29.149" classname="TestRunner"/>
</testsuite> <!-- TestRunner -->
