<?xml version="1.0" encoding="UTF-8"?>
<!-- Generated by org.testng.reporters.JUnitReportReporter -->
<testsuite skipped="0" hostname="Olasunkanmis-MacBook-Pro.local" name="TestRunner" tests="1" failures="0" timestamp="16 Aug 2018 19:13:36 GMT" time="33.719" errors="0">
  <testcase name="feature" time="33.719" classname="TestRunner"/>
</testsuite> <!-- TestRunner -->
