<?xml version="1.0" encoding="UTF-8"?>
<!-- Generated by org.testng.reporters.JUnitReportReporter -->
<testsuite skipped="0" hostname="Olasunkanmis-MacBook-Pro.local" name="TestRunner" tests="3" failures="0" timestamp="20 Aug 2018 19:02:05 GMT" time="59.141" errors="0">
  <testcase name="feature" time="15.497" classname="TestRunner"/>
  <testcase name="feature" time="33.732" classname="TestRunner"/>
  <testcase name="feature" time="9.912" classname="TestRunner"/>
</testsuite> <!-- TestRunner -->
