<?xml version="1.0" encoding="UTF-8"?>
<!-- Generated by org.testng.reporters.JUnitReportReporter -->
<testsuite skipped="0" hostname="Olasunkanmis-MacBook-Pro.local" name="TestRunner" tests="1" failures="0" timestamp="18 Aug 2018 10:54:01 GMT" time="27.345" errors="0">
  <testcase name="feature" time="27.345" classname="TestRunner"/>
</testsuite> <!-- TestRunner -->
