<?xml version="1.0" encoding="UTF-8"?>
<!-- Generated by org.testng.reporters.JUnitReportReporter -->
<testsuite skipped="0" hostname="Olasunkanmis-MacBook-Pro.local" name="TestRunner" tests="1" failures="0" timestamp="16 Aug 2018 21:43:24 GMT" time="63.782" errors="0">
  <testcase name="feature" time="63.782" classname="TestRunner"/>
</testsuite> <!-- TestRunner -->
