<?xml version="1.0" encoding="UTF-8"?>
<!-- Generated by org.testng.reporters.JUnitReportReporter -->
<testsuite skipped="0" hostname="Olasunkanmis-MacBook-Pro.local" name="TestRunner" tests="3" failures="0" timestamp="19 Aug 2018 23:26:40 GMT" time="46.183" errors="0">
  <testcase name="feature" time="26.427" classname="TestRunner"/>
  <testcase name="feature" time="7.574" classname="TestRunner"/>
  <testcase name="feature" time="12.182" classname="TestRunner"/>
</testsuite> <!-- TestRunner -->
